\BOOKMARK [0][-]{chapter.1}{\376\377\176\352\213\272}{}% 1
\BOOKMARK [1][-]{section.1.1}{\376\377\153\325\116\032\213\276\213\241\377\010\213\272\145\207\377\011\174\173\127\213\123\312\127\372\147\054\211\201\154\102}{chapter.1}% 2
\BOOKMARK [2][-]{subsection.1.1.1}{\376\377\213\276\213\241\174\173}{section.1.1}% 3
\BOOKMARK [2][-]{subsection.1.1.2}{\376\377\213\272\145\207\174\173}{section.1.1}% 4
\BOOKMARK [2][-]{subsection.1.1.3}{\376\377\217\157\116\366\174\173}{section.1.1}% 5
\BOOKMARK [1][-]{section.1.2}{\376\377\153\325\116\032\213\276\213\241\377\010\213\272\145\207\377\011\215\104\145\231\176\304\142\020\123\312\133\130\150\143\211\201\154\102}{chapter.1}% 6
\BOOKMARK [0][-]{chapter.2}{\376\377\164\006\213\272\170\024\172\166}{}% 7
\BOOKMARK [1][-]{section.2.1}{\376\377\153\325\116\032\213\276\213\241\377\010\213\272\145\207\377\011\176\323\147\204\123\312\211\201\154\102}{chapter.2}% 8
\BOOKMARK [2][-]{subsection.2.1.1}{\376\377\213\272\145\207\176\323\147\204}{section.2.1}% 9
\BOOKMARK [2][-]{subsection.2.1.2}{\376\377\213\355\212\000\210\150\217\360}{section.2.1}% 10
\BOOKMARK [2][-]{subsection.2.1.3}{\376\377\150\007\230\230\124\214\134\102\153\041}{section.2.1}% 11
\BOOKMARK [2][-]{subsection.2.1.4}{\376\377\142\123\123\160\211\304\150\074}{section.2.1}% 12
\BOOKMARK [1][-]{section.2.2}{\376\377\153\325\116\032\213\276\213\241\377\010\213\272\145\207\377\011\144\260\121\231\211\304\203\003}{chapter.2}% 13
\BOOKMARK [2][-]{subsection.2.2.1}{\376\377\134\001\227\142}{section.2.2}% 14
\BOOKMARK [2][-]{subsection.2.2.2}{\376\377\166\356\137\125}{section.2.2}% 15
\BOOKMARK [2][-]{subsection.2.2.3}{\376\377\153\143\145\207}{section.2.2}% 16
\BOOKMARK [2][-]{subsection.2.2.4}{\376\377\121\154\137\017}{section.2.2}% 17
\BOOKMARK [2][-]{subsection.2.2.5}{\376\377\126\376}{section.2.2}% 18
\BOOKMARK [2][-]{subsection.2.2.6}{\376\377\210\150}{section.2.2}% 19
\BOOKMARK [1][-]{section.2.3}{\376\377\201\032\154\350}{chapter.2}% 20
\BOOKMARK [1][-]{section.2.4}{\376\377\230\165\167\011\124\214\230\165\201\032}{chapter.2}% 21
\BOOKMARK [0][-]{chapter.3}{\376\377\133\236\232\214\116\016\122\006\147\220}{}% 22
\BOOKMARK [1][-]{section.3.1}{\376\377\116\373\122\241\116\146}{chapter.3}% 23
\BOOKMARK [1][-]{section.3.2}{\376\377\137\000\230\230\142\245\124\112}{chapter.3}% 24
\BOOKMARK [1][-]{section.3.3}{\376\377\213\304\226\005\116\146}{chapter.3}% 25
\BOOKMARK [2][-]{subsection.3.3.1}{\376\377\143\007\133\374\145\131\136\010\213\304\226\005\116\146}{section.3.3}% 26
\BOOKMARK [2][-]{subsection.3.3.2}{\376\377\213\304\226\005\145\131\136\010\213\304\226\005\116\146}{section.3.3}% 27
\BOOKMARK [1][-]{section.3.4}{\376\377\173\124\217\251\213\260\137\125\116\146}{chapter.3}% 28
\BOOKMARK [1][-]{section.3.5}{\376\377\131\026\145\207\215\104\145\231\124\214\116\055\145\207\213\321\145\207}{chapter.3}% 29
\BOOKMARK [0][-]{chapter*.9}{\376\377\123\302\200\003\145\207\163\056}{}% 30
\BOOKMARK [0][-]{chapter*.10}{\376\377\226\104\000\040\137\125}{}% 31
\BOOKMARK [0][-]{chapter*.11}{\376\377\201\364\000\040\214\042}{}% 32
